# JRE version: Java(TM) SE Runtime Environment (8.0_261-b12) (build 1.8.0_261-b12)
# Java VM: Java HotSpot(TM) 64-Bit Server VM (25.261-b12 mixed mode windows-amd64 compressed oops)
Heap:
 PSYoungGen      total 215040K, used 189209K [0x00000000e0000000, 0x00000000ef900000, 0x0000000100000000)
  eden space 175104K, 100% used [0x00000000e0000000,0x00000000eab00000,0x00000000eab00000)
  from space 39936K, 35% used [0x00000000ed100000,0x00000000edec6520,0x00000000ef800000)
  to   space 38912K, 48% used [0x00000000eab00000,0x00000000ebd63110,0x00000000ed100000)
 ParOldGen       total 454144K, used 73832K [0x00000000a0000000, 0x00000000bbb80000, 0x00000000e0000000)
  object space 454144K, 16% used [0x00000000a0000000,0x00000000a481a0b8,0x00000000bbb80000)
 Metaspace       used 101989K, capacity 107525K, committed 107596K, reserved 1142784K
  class space    used 13528K, capacity 14622K, committed 14668K, reserved 1048576K
GC Heap History (10 events):
Event: 123.055 GC heap after
Heap after GC invocations=16 (full 3):
 PSYoungGen      total 178688K, used 20991K [0x00000000e0000000, 0x00000000edd80000, 0x0000000100000000)
  eden space 157696K, 0% used [0x00000000e0000000,0x00000000e0000000,0x00000000e9a00000)
  from space 20992K, 99% used [0x00000000e9a00000,0x00000000eae7fd00,0x00000000eae80000)
  to   space 27648K, 0% used [0x00000000ec280000,0x00000000ec280000,0x00000000edd80000)
 ParOldGen       total 280576K, used 46538K [0x00000000a0000000, 0x00000000b1200000, 0x00000000e0000000)
  object space 280576K, 16% used [0x00000000a0000000,0x00000000a2d729d8,0x00000000b1200000)
 Metaspace       used 83234K, capacity 86970K, committed 87168K, reserved 1124352K
  class space    used 11064K, capacity 11842K, committed 11904K, reserved 1048576K
}
Event: 132.473 GC heap before
{Heap before GC invocations=17 (full 3):
 PSYoungGen      total 178688K, used 178687K [0x00000000e0000000, 0x00000000edd80000, 0x0000000100000000)
  eden space 157696K, 100% used [0x00000000e0000000,0x00000000e9a00000,0x00000000e9a00000)
  from space 20992K, 99% used [0x00000000e9a00000,0x00000000eae7fd00,0x00000000eae80000)
  to   space 27648K, 0% used [0x00000000ec280000,0x00000000ec280000,0x00000000edd80000)
 ParOldGen       total 280576K, used 46538K [0x00000000a0000000, 0x00000000b1200000, 0x00000000e0000000)
  object space 280576K, 16% used [0x00000000a0000000,0x00000000a2d729d8,0x00000000b1200000)
 Metaspace       used 91009K, capacity 95436K, committed 95616K, reserved 1132544K
  class space    used 11984K, capacity 12926K, committed 12928K, reserved 1048576K
Event: 132.492 GC heap after
Heap after GC invocations=17 (full 3):
 PSYoungGen      total 191488K, used 27646K [0x00000000e0000000, 0x00000000eeb00000, 0x0000000100000000)
  eden space 163840K, 0% used [0x00000000e0000000,0x00000000e0000000,0x00000000ea000000)
  from space 27648K, 99% used [0x00000000ec280000,0x00000000edd7f850,0x00000000edd80000)
  to   space 35328K, 0% used [0x00000000ea000000,0x00000000ea000000,0x00000000ec280000)
 ParOldGen       total 280576K, used 57428K [0x00000000a0000000, 0x00000000b1200000, 0x00000000e0000000)
  object space 280576K, 20% used [0x00000000a0000000,0x00000000a38150a0,0x00000000b1200000)
 Metaspace       used 91009K, capacity 95436K, committed 95616K, reserved 1132544K
  class space    used 11984K, capacity 12926K, committed 12928K, reserved 1048576K
}
Event: 161.270 GC heap before
{Heap before GC invocations=18 (full 3):
 PSYoungGen      total 191488K, used 114683K [0x00000000e0000000, 0x00000000eeb00000, 0x0000000100000000)
  eden space 163840K, 53% used [0x00000000e0000000,0x00000000e54ff568,0x00000000ea000000)
  from space 27648K, 99% used [0x00000000ec280000,0x00000000edd7f850,0x00000000edd80000)
  to   space 35328K, 0% used [0x00000000ea000000,0x00000000ea000000,0x00000000ec280000)
 ParOldGen       total 280576K, used 57428K [0x00000000a0000000, 0x00000000b1200000, 0x00000000e0000000)
  object space 280576K, 20% used [0x00000000a0000000,0x00000000a38150a0,0x00000000b1200000)
 Metaspace       used 93075K, capacity 98268K, committed 98380K, reserved 1134592K
  class space    used 12258K, capacity 13331K, committed 13388K, reserved 1048576K
Event: 161.293 GC heap after
Heap after GC invocations=18 (full 3):
 PSYoungGen      total 199168K, used 34694K [0x00000000e0000000, 0x00000000ef800000, 0x0000000100000000)
  eden space 163840K, 0% used [0x00000000e0000000,0x00000000e0000000,0x00000000ea000000)
  from space 35328K, 98% used [0x00000000ea000000,0x00000000ec1e19a8,0x00000000ec280000)
  to   space 39936K, 0% used [0x00000000ed100000,0x00000000ed100000,0x00000000ef800000)
 ParOldGen       total 280576K, used 61809K [0x00000000a0000000, 0x00000000b1200000, 0x00000000e0000000)
  object space 280576K, 22% used [0x00000000a0000000,0x00000000a3c5c610,0x00000000b1200000)
 Metaspace       used 93075K, capacity 98268K, committed 98380K, reserved 1134592K
  class space    used 12258K, capacity 13331K, committed 13388K, reserved 1048576K
}
Event: 161.293 GC heap before
{Heap before GC invocations=19 (full 4):
 PSYoungGen      total 199168K, used 34694K [0x00000000e0000000, 0x00000000ef800000, 0x0000000100000000)
  eden space 163840K, 0% used [0x00000000e0000000,0x00000000e0000000,0x00000000ea000000)
  from space 35328K, 98% used [0x00000000ea000000,0x00000000ec1e19a8,0x00000000ec280000)
  to   space 39936K, 0% used [0x00000000ed100000,0x00000000ed100000,0x00000000ef800000)
 ParOldGen       total 280576K, used 61809K [0x00000000a0000000, 0x00000000b1200000, 0x00000000e0000000)
  object space 280576K, 22% used [0x00000000a0000000,0x00000000a3c5c610,0x00000000b1200000)
 Metaspace       used 93075K, capacity 98268K, committed 98380K, reserved 1134592K
  class space    used 12258K, capacity 13331K, committed 13388K, reserved 1048576K
Event: 161.475 GC heap after
Heap after GC invocations=19 (full 4):
 PSYoungGen      total 199168K, used 0K [0x00000000e0000000, 0x00000000ef800000, 0x0000000100000000)
  eden space 163840K, 0% used [0x00000000e0000000,0x00000000e0000000,0x00000000ea000000)
  from space 35328K, 0% used [0x00000000ea000000,0x00000000ea000000,0x00000000ec280000)
  to   space 39936K, 0% used [0x00000000ed100000,0x00000000ed100000,0x00000000ef800000)
 ParOldGen       total 454144K, used 73816K [0x00000000a0000000, 0x00000000bbb80000, 0x00000000e0000000)
  object space 454144K, 16% used [0x00000000a0000000,0x00000000a48160b8,0x00000000bbb80000)
 Metaspace       used 92820K, capacity 97548K, committed 98380K, reserved 1134592K
  class space    used 12181K, capacity 13159K, committed 13388K, reserved 1048576K
}
Event: 163.343 GC heap before
{Heap before GC invocations=20 (full 4):
 PSYoungGen      total 199168K, used 163840K [0x00000000e0000000, 0x00000000ef800000, 0x0000000100000000)
  eden space 163840K, 100% used [0x00000000e0000000,0x00000000ea000000,0x00000000ea000000)
  from space 35328K, 0% used [0x00000000ea000000,0x00000000ea000000,0x00000000ec280000)
  to   space 39936K, 0% used [0x00000000ed100000,0x00000000ed100000,0x00000000ef800000)
 ParOldGen       total 454144K, used 73816K [0x00000000a0000000, 0x00000000bbb80000, 0x00000000e0000000)
  object space 454144K, 16% used [0x00000000a0000000,0x00000000a48160b8,0x00000000bbb80000)
 Metaspace       used 98396K, capacity 103466K, committed 103756K, reserved 1138688K
  class space    used 13069K, capacity 14082K, committed 14156K, reserved 1048576K
Event: 163.351 GC heap after
Heap after GC invocations=20 (full 4):
 PSYoungGen      total 215040K, used 14105K [0x00000000e0000000, 0x00000000ef900000, 0x0000000100000000)
  eden space 175104K, 0% used [0x00000000e0000000,0x00000000e0000000,0x00000000eab00000)
  from space 39936K, 35% used [0x00000000ed100000,0x00000000edec6520,0x00000000ef800000)
  to   space 38912K, 0% used [0x00000000eab00000,0x00000000eab00000,0x00000000ed100000)
 ParOldGen       total 454144K, used 73824K [0x00000000a0000000, 0x00000000bbb80000, 0x00000000e0000000)
  object space 454144K, 16% used [0x00000000a0000000,0x00000000a48180b8,0x00000000bbb80000)
 Metaspace       used 98396K, capacity 103466K, committed 103756K, reserved 1138688K
  class space    used 13069K, capacity 14082K, committed 14156K, reserved 1048576K
}
Event: 1013.832 GC heap before
{Heap before GC invocations=21 (full 4):
 PSYoungGen      total 215040K, used 189209K [0x00000000e0000000, 0x00000000ef900000, 0x0000000100000000)
  eden space 175104K, 100% used [0x00000000e0000000,0x00000000eab00000,0x00000000eab00000)
  from space 39936K, 35% used [0x00000000ed100000,0x00000000edec6520,0x00000000ef800000)
  to   space 38912K, 0% used [0x00000000eab00000,0x00000000eab00000,0x00000000ed100000)
 ParOldGen       total 454144K, used 73824K [0x00000000a0000000, 0x00000000bbb80000, 0x00000000e0000000)
  object space 454144K, 16% used [0x00000000a0000000,0x00000000a48180b8,0x00000000bbb80000)
 Metaspace       used 101989K, capacity 107525K, committed 107596K, reserved 1142784K
  class space    used 13528K, capacity 14622K, committed 14668K, reserved 1048576K

